   0  $accept : program $end

   1  program : decl_list

   2  decl_list : decl decl_list
   3            |

   4  decl : ident TOKEN_COLON type TOKEN_ASSGN expr TOKEN_SEMICOLON
   5       | ident TOKEN_COLON type TOKEN_SEMICOLON
   6       | ident TOKEN_COLON type TOKEN_ASSGN TOKEN_LCURLBRACE stmt_list TOKEN_RCURLBRACE
   7       | ident TOKEN_COLON type TOKEN_ASSGN TOKEN_LCURLBRACE n_expr_list_block TOKEN_RCURLBRACE TOKEN_SEMICOLON

   8  type : TOKEN_STRING
   9       | TOKEN_INT
  10       | TOKEN_CHAR
  11       | TOKEN_BOOLEAN
  12       | TOKEN_ARRAY TOKEN_LBRACE opt_expr TOKEN_RBRACE type
  13       | TOKEN_FUNCTION type TOKEN_LPAREN param_list TOKEN_RPAREN
  14       | TOKEN_VOID

  15  param_list : n_param_list
  16             |

  17  n_param_list : param
  18               | param TOKEN_COMMA n_param_list

  19  param : ident TOKEN_COLON type

  20  ident : TOKEN_IDENT

  21  stmt_list : stmt stmt_list
  22            |

  23  stmt : stmt_matched
  24       | n_stmt_matched

  25  stmt_matched : decl
  26               | expr TOKEN_SEMICOLON
  27               | TOKEN_FOR TOKEN_LPAREN opt_expr TOKEN_SEMICOLON opt_expr TOKEN_SEMICOLON opt_expr TOKEN_RPAREN stmt_matched
  28               | TOKEN_RETURN opt_expr TOKEN_SEMICOLON
  29               | TOKEN_PRINT expr_list TOKEN_SEMICOLON
  30               | TOKEN_IF TOKEN_LPAREN expr TOKEN_RPAREN stmt_matched TOKEN_ELSE stmt_matched
  31               | stmt_block

  32  stmt_block : TOKEN_LCURLBRACE stmt_list TOKEN_RCURLBRACE

  33  n_stmt_matched : TOKEN_IF TOKEN_LPAREN expr TOKEN_RPAREN stmt
  34                 | TOKEN_IF TOKEN_LPAREN expr TOKEN_RPAREN stmt_matched TOKEN_ELSE n_stmt_matched
  35                 | TOKEN_FOR TOKEN_LPAREN opt_expr TOKEN_SEMICOLON opt_expr TOKEN_SEMICOLON opt_expr TOKEN_RPAREN n_stmt_matched

  36  opt_expr : expr
  37           |

  38  expr_list : n_expr_list
  39            |

  40  n_expr_list : expr TOKEN_COMMA n_expr_list
  41              | expr

  42  expr_block : TOKEN_LCURLBRACE n_expr_list_block TOKEN_RCURLBRACE

  43  n_expr_list_block : expr_block TOKEN_COMMA n_expr_list_block
  44                    | expr_block
  45                    | n_expr_list

  46  expr : expr_not_assgn TOKEN_ASSGN expr
  47       | expr_not_assgn

  48  expr_not_assgn : expr_not_assgn TOKEN_OR expr_and
  49                 | expr_and

  50  expr_and : expr_and TOKEN_AND expr_comp
  51           | expr_comp

  52  expr_comp : expr_comp TOKEN_LE expr_arith
  53            | expr_comp TOKEN_GE expr_arith
  54            | expr_comp TOKEN_LT expr_arith
  55            | expr_comp TOKEN_GT expr_arith
  56            | expr_comp TOKEN_EQ expr_arith
  57            | expr_comp TOKEN_NE expr_arith
  58            | expr_arith

  59  expr_arith : expr_arith TOKEN_ADD expr_geom
  60             | expr_arith TOKEN_SUB expr_geom
  61             | expr_geom

  62  expr_geom : expr_geom TOKEN_MULT expr_exp
  63            | expr_geom TOKEN_DIV expr_exp
  64            | expr_geom TOKEN_MOD expr_exp
  65            | expr_exp

  66  expr_exp : expr_exp TOKEN_EXP expr_unary
  67           | expr_unary

  68  expr_unary : TOKEN_NOT expr_unary
  69             | TOKEN_SUB expr_unary
  70             | expr_incr

  71  expr_incr : expr_grouping TOKEN_INCREMENT
  72            | expr_grouping TOKEN_DECREMENT
  73            | expr_grouping

  74  expr_grouping : TOKEN_LPAREN expr TOKEN_RPAREN
  75                | ident TOKEN_LBRACE expr TOKEN_RBRACE expr_array
  76                | ident TOKEN_LPAREN expr_list TOKEN_RPAREN
  77                | expr_primary

  78  expr_array : TOKEN_LBRACE expr TOKEN_RBRACE expr_array
  79             |

  80  expr_primary : TOKEN_INT_LITERAL
  81               | ident
  82               | TOKEN_CHAR_LITERAL
  83               | TOKEN_TRUE
  84               | TOKEN_FALSE
  85               | TOKEN_STRING_LITERAL

state 0
	$accept : . program $end  (0)
	decl_list : .  (3)

	TOKEN_IDENT  shift 1
	$end  reduce 3

	program  goto 2
	decl_list  goto 3
	decl  goto 4
	ident  goto 5


state 1
	ident : TOKEN_IDENT .  (20)

	.  reduce 20


state 2
	$accept : program . $end  (0)

	$end  accept


state 3
	program : decl_list .  (1)

	.  reduce 1


state 4
	decl_list : decl . decl_list  (2)
	decl_list : .  (3)

	TOKEN_IDENT  shift 1
	$end  reduce 3

	decl_list  goto 6
	decl  goto 4
	ident  goto 5


state 5
	decl : ident . TOKEN_COLON type TOKEN_ASSGN expr TOKEN_SEMICOLON  (4)
	decl : ident . TOKEN_COLON type TOKEN_SEMICOLON  (5)
	decl : ident . TOKEN_COLON type TOKEN_ASSGN TOKEN_LCURLBRACE stmt_list TOKEN_RCURLBRACE  (6)
	decl : ident . TOKEN_COLON type TOKEN_ASSGN TOKEN_LCURLBRACE n_expr_list_block TOKEN_RCURLBRACE TOKEN_SEMICOLON  (7)

	TOKEN_COLON  shift 7
	.  error


state 6
	decl_list : decl decl_list .  (2)

	.  reduce 2


state 7
	decl : ident TOKEN_COLON . type TOKEN_ASSGN expr TOKEN_SEMICOLON  (4)
	decl : ident TOKEN_COLON . type TOKEN_SEMICOLON  (5)
	decl : ident TOKEN_COLON . type TOKEN_ASSGN TOKEN_LCURLBRACE stmt_list TOKEN_RCURLBRACE  (6)
	decl : ident TOKEN_COLON . type TOKEN_ASSGN TOKEN_LCURLBRACE n_expr_list_block TOKEN_RCURLBRACE TOKEN_SEMICOLON  (7)

	TOKEN_STRING  shift 8
	TOKEN_INT  shift 9
	TOKEN_ARRAY  shift 10
	TOKEN_BOOLEAN  shift 11
	TOKEN_CHAR  shift 12
	TOKEN_FUNCTION  shift 13
	TOKEN_VOID  shift 14
	.  error

	type  goto 15


state 8
	type : TOKEN_STRING .  (8)

	.  reduce 8


state 9
	type : TOKEN_INT .  (9)

	.  reduce 9


state 10
	type : TOKEN_ARRAY . TOKEN_LBRACE opt_expr TOKEN_RBRACE type  (12)

	TOKEN_LBRACE  shift 16
	.  error


state 11
	type : TOKEN_BOOLEAN .  (11)

	.  reduce 11


state 12
	type : TOKEN_CHAR .  (10)

	.  reduce 10


state 13
	type : TOKEN_FUNCTION . type TOKEN_LPAREN param_list TOKEN_RPAREN  (13)

	TOKEN_STRING  shift 8
	TOKEN_INT  shift 9
	TOKEN_ARRAY  shift 10
	TOKEN_BOOLEAN  shift 11
	TOKEN_CHAR  shift 12
	TOKEN_FUNCTION  shift 13
	TOKEN_VOID  shift 14
	.  error

	type  goto 17


state 14
	type : TOKEN_VOID .  (14)

	.  reduce 14


state 15
	decl : ident TOKEN_COLON type . TOKEN_ASSGN expr TOKEN_SEMICOLON  (4)
	decl : ident TOKEN_COLON type . TOKEN_SEMICOLON  (5)
	decl : ident TOKEN_COLON type . TOKEN_ASSGN TOKEN_LCURLBRACE stmt_list TOKEN_RCURLBRACE  (6)
	decl : ident TOKEN_COLON type . TOKEN_ASSGN TOKEN_LCURLBRACE n_expr_list_block TOKEN_RCURLBRACE TOKEN_SEMICOLON  (7)

	TOKEN_ASSGN  shift 18
	TOKEN_SEMICOLON  shift 19
	.  error


state 16
	type : TOKEN_ARRAY TOKEN_LBRACE . opt_expr TOKEN_RBRACE type  (12)
	opt_expr : .  (37)

	TOKEN_IDENT  shift 1
	TOKEN_STRING_LITERAL  shift 20
	TOKEN_INT_LITERAL  shift 21
	TOKEN_CHAR_LITERAL  shift 22
	TOKEN_FALSE  shift 23
	TOKEN_TRUE  shift 24
	TOKEN_SUB  shift 25
	TOKEN_LPAREN  shift 26
	TOKEN_NOT  shift 27
	TOKEN_RBRACE  reduce 37

	expr  goto 28
	opt_expr  goto 29
	expr_and  goto 30
	expr_comp  goto 31
	expr_arith  goto 32
	expr_geom  goto 33
	expr_exp  goto 34
	expr_unary  goto 35
	expr_incr  goto 36
	expr_grouping  goto 37
	expr_primary  goto 38
	expr_not_assgn  goto 39
	ident  goto 40


state 17
	type : TOKEN_FUNCTION type . TOKEN_LPAREN param_list TOKEN_RPAREN  (13)

	TOKEN_LPAREN  shift 41
	.  error


state 18
	decl : ident TOKEN_COLON type TOKEN_ASSGN . expr TOKEN_SEMICOLON  (4)
	decl : ident TOKEN_COLON type TOKEN_ASSGN . TOKEN_LCURLBRACE stmt_list TOKEN_RCURLBRACE  (6)
	decl : ident TOKEN_COLON type TOKEN_ASSGN . TOKEN_LCURLBRACE n_expr_list_block TOKEN_RCURLBRACE TOKEN_SEMICOLON  (7)

	TOKEN_IDENT  shift 1
	TOKEN_STRING_LITERAL  shift 20
	TOKEN_INT_LITERAL  shift 21
	TOKEN_CHAR_LITERAL  shift 22
	TOKEN_FALSE  shift 23
	TOKEN_TRUE  shift 24
	TOKEN_SUB  shift 25
	TOKEN_LPAREN  shift 26
	TOKEN_LCURLBRACE  shift 42
	TOKEN_NOT  shift 27
	.  error

	expr  goto 43
	expr_and  goto 30
	expr_comp  goto 31
	expr_arith  goto 32
	expr_geom  goto 33
	expr_exp  goto 34
	expr_unary  goto 35
	expr_incr  goto 36
	expr_grouping  goto 37
	expr_primary  goto 38
	expr_not_assgn  goto 39
	ident  goto 40


state 19
	decl : ident TOKEN_COLON type TOKEN_SEMICOLON .  (5)

	.  reduce 5


state 20
	expr_primary : TOKEN_STRING_LITERAL .  (85)

	.  reduce 85


state 21
	expr_primary : TOKEN_INT_LITERAL .  (80)

	.  reduce 80


state 22
	expr_primary : TOKEN_CHAR_LITERAL .  (82)

	.  reduce 82


state 23
	expr_primary : TOKEN_FALSE .  (84)

	.  reduce 84


state 24
	expr_primary : TOKEN_TRUE .  (83)

	.  reduce 83


state 25
	expr_unary : TOKEN_SUB . expr_unary  (69)

	TOKEN_IDENT  shift 1
	TOKEN_STRING_LITERAL  shift 20
	TOKEN_INT_LITERAL  shift 21
	TOKEN_CHAR_LITERAL  shift 22
	TOKEN_FALSE  shift 23
	TOKEN_TRUE  shift 24
	TOKEN_SUB  shift 25
	TOKEN_LPAREN  shift 26
	TOKEN_NOT  shift 27
	.  error

	expr_unary  goto 44
	expr_incr  goto 36
	expr_grouping  goto 37
	expr_primary  goto 38
	ident  goto 40


state 26
	expr_grouping : TOKEN_LPAREN . expr TOKEN_RPAREN  (74)

	TOKEN_IDENT  shift 1
	TOKEN_STRING_LITERAL  shift 20
	TOKEN_INT_LITERAL  shift 21
	TOKEN_CHAR_LITERAL  shift 22
	TOKEN_FALSE  shift 23
	TOKEN_TRUE  shift 24
	TOKEN_SUB  shift 25
	TOKEN_LPAREN  shift 26
	TOKEN_NOT  shift 27
	.  error

	expr  goto 45
	expr_and  goto 30
	expr_comp  goto 31
	expr_arith  goto 32
	expr_geom  goto 33
	expr_exp  goto 34
	expr_unary  goto 35
	expr_incr  goto 36
	expr_grouping  goto 37
	expr_primary  goto 38
	expr_not_assgn  goto 39
	ident  goto 40


state 27
	expr_unary : TOKEN_NOT . expr_unary  (68)

	TOKEN_IDENT  shift 1
	TOKEN_STRING_LITERAL  shift 20
	TOKEN_INT_LITERAL  shift 21
	TOKEN_CHAR_LITERAL  shift 22
	TOKEN_FALSE  shift 23
	TOKEN_TRUE  shift 24
	TOKEN_SUB  shift 25
	TOKEN_LPAREN  shift 26
	TOKEN_NOT  shift 27
	.  error

	expr_unary  goto 46
	expr_incr  goto 36
	expr_grouping  goto 37
	expr_primary  goto 38
	ident  goto 40


state 28
	opt_expr : expr .  (36)

	.  reduce 36


state 29
	type : TOKEN_ARRAY TOKEN_LBRACE opt_expr . TOKEN_RBRACE type  (12)

	TOKEN_RBRACE  shift 47
	.  error


state 30
	expr_not_assgn : expr_and .  (49)
	expr_and : expr_and . TOKEN_AND expr_comp  (50)

	TOKEN_AND  shift 48
	TOKEN_OR  reduce 49
	TOKEN_ASSGN  reduce 49
	TOKEN_SEMICOLON  reduce 49
	TOKEN_RPAREN  reduce 49
	TOKEN_RBRACE  reduce 49
	TOKEN_RCURLBRACE  reduce 49
	TOKEN_COMMA  reduce 49


state 31
	expr_and : expr_comp .  (51)
	expr_comp : expr_comp . TOKEN_LE expr_arith  (52)
	expr_comp : expr_comp . TOKEN_GE expr_arith  (53)
	expr_comp : expr_comp . TOKEN_LT expr_arith  (54)
	expr_comp : expr_comp . TOKEN_GT expr_arith  (55)
	expr_comp : expr_comp . TOKEN_EQ expr_arith  (56)
	expr_comp : expr_comp . TOKEN_NE expr_arith  (57)

	TOKEN_GT  shift 49
	TOKEN_GE  shift 50
	TOKEN_EQ  shift 51
	TOKEN_LE  shift 52
	TOKEN_LT  shift 53
	TOKEN_NE  shift 54
	TOKEN_AND  reduce 51
	TOKEN_OR  reduce 51
	TOKEN_ASSGN  reduce 51
	TOKEN_SEMICOLON  reduce 51
	TOKEN_RPAREN  reduce 51
	TOKEN_RBRACE  reduce 51
	TOKEN_RCURLBRACE  reduce 51
	TOKEN_COMMA  reduce 51


state 32
	expr_comp : expr_arith .  (58)
	expr_arith : expr_arith . TOKEN_ADD expr_geom  (59)
	expr_arith : expr_arith . TOKEN_SUB expr_geom  (60)

	TOKEN_ADD  shift 55
	TOKEN_SUB  shift 56
	TOKEN_GT  reduce 58
	TOKEN_GE  reduce 58
	TOKEN_EQ  reduce 58
	TOKEN_LE  reduce 58
	TOKEN_LT  reduce 58
	TOKEN_AND  reduce 58
	TOKEN_OR  reduce 58
	TOKEN_NE  reduce 58
	TOKEN_ASSGN  reduce 58
	TOKEN_SEMICOLON  reduce 58
	TOKEN_RPAREN  reduce 58
	TOKEN_RBRACE  reduce 58
	TOKEN_RCURLBRACE  reduce 58
	TOKEN_COMMA  reduce 58


state 33
	expr_arith : expr_geom .  (61)
	expr_geom : expr_geom . TOKEN_MULT expr_exp  (62)
	expr_geom : expr_geom . TOKEN_DIV expr_exp  (63)
	expr_geom : expr_geom . TOKEN_MOD expr_exp  (64)

	TOKEN_MULT  shift 57
	TOKEN_DIV  shift 58
	TOKEN_MOD  shift 59
	TOKEN_ADD  reduce 61
	TOKEN_SUB  reduce 61
	TOKEN_GT  reduce 61
	TOKEN_GE  reduce 61
	TOKEN_EQ  reduce 61
	TOKEN_LE  reduce 61
	TOKEN_LT  reduce 61
	TOKEN_AND  reduce 61
	TOKEN_OR  reduce 61
	TOKEN_NE  reduce 61
	TOKEN_ASSGN  reduce 61
	TOKEN_SEMICOLON  reduce 61
	TOKEN_RPAREN  reduce 61
	TOKEN_RBRACE  reduce 61
	TOKEN_RCURLBRACE  reduce 61
	TOKEN_COMMA  reduce 61


state 34
	expr_geom : expr_exp .  (65)
	expr_exp : expr_exp . TOKEN_EXP expr_unary  (66)

	TOKEN_EXP  shift 60
	TOKEN_ADD  reduce 65
	TOKEN_SUB  reduce 65
	TOKEN_MULT  reduce 65
	TOKEN_DIV  reduce 65
	TOKEN_MOD  reduce 65
	TOKEN_GT  reduce 65
	TOKEN_GE  reduce 65
	TOKEN_EQ  reduce 65
	TOKEN_LE  reduce 65
	TOKEN_LT  reduce 65
	TOKEN_AND  reduce 65
	TOKEN_OR  reduce 65
	TOKEN_NE  reduce 65
	TOKEN_ASSGN  reduce 65
	TOKEN_SEMICOLON  reduce 65
	TOKEN_RPAREN  reduce 65
	TOKEN_RBRACE  reduce 65
	TOKEN_RCURLBRACE  reduce 65
	TOKEN_COMMA  reduce 65


state 35
	expr_exp : expr_unary .  (67)

	.  reduce 67


state 36
	expr_unary : expr_incr .  (70)

	.  reduce 70


state 37
	expr_incr : expr_grouping . TOKEN_INCREMENT  (71)
	expr_incr : expr_grouping . TOKEN_DECREMENT  (72)
	expr_incr : expr_grouping .  (73)

	TOKEN_INCREMENT  shift 61
	TOKEN_DECREMENT  shift 62
	TOKEN_ADD  reduce 73
	TOKEN_SUB  reduce 73
	TOKEN_MULT  reduce 73
	TOKEN_DIV  reduce 73
	TOKEN_MOD  reduce 73
	TOKEN_EXP  reduce 73
	TOKEN_GT  reduce 73
	TOKEN_GE  reduce 73
	TOKEN_EQ  reduce 73
	TOKEN_LE  reduce 73
	TOKEN_LT  reduce 73
	TOKEN_AND  reduce 73
	TOKEN_OR  reduce 73
	TOKEN_NE  reduce 73
	TOKEN_ASSGN  reduce 73
	TOKEN_SEMICOLON  reduce 73
	TOKEN_RPAREN  reduce 73
	TOKEN_RBRACE  reduce 73
	TOKEN_RCURLBRACE  reduce 73
	TOKEN_COMMA  reduce 73


state 38
	expr_grouping : expr_primary .  (77)

	.  reduce 77


state 39
	expr : expr_not_assgn . TOKEN_ASSGN expr  (46)
	expr : expr_not_assgn .  (47)
	expr_not_assgn : expr_not_assgn . TOKEN_OR expr_and  (48)

	TOKEN_OR  shift 63
	TOKEN_ASSGN  shift 64
	TOKEN_SEMICOLON  reduce 47
	TOKEN_RPAREN  reduce 47
	TOKEN_RBRACE  reduce 47
	TOKEN_RCURLBRACE  reduce 47
	TOKEN_COMMA  reduce 47


state 40
	expr_grouping : ident . TOKEN_LBRACE expr TOKEN_RBRACE expr_array  (75)
	expr_grouping : ident . TOKEN_LPAREN expr_list TOKEN_RPAREN  (76)
	expr_primary : ident .  (81)

	TOKEN_LPAREN  shift 65
	TOKEN_LBRACE  shift 66
	TOKEN_ADD  reduce 81
	TOKEN_SUB  reduce 81
	TOKEN_MULT  reduce 81
	TOKEN_DIV  reduce 81
	TOKEN_MOD  reduce 81
	TOKEN_EXP  reduce 81
	TOKEN_INCREMENT  reduce 81
	TOKEN_DECREMENT  reduce 81
	TOKEN_GT  reduce 81
	TOKEN_GE  reduce 81
	TOKEN_EQ  reduce 81
	TOKEN_LE  reduce 81
	TOKEN_LT  reduce 81
	TOKEN_AND  reduce 81
	TOKEN_OR  reduce 81
	TOKEN_NE  reduce 81
	TOKEN_ASSGN  reduce 81
	TOKEN_SEMICOLON  reduce 81
	TOKEN_RPAREN  reduce 81
	TOKEN_RBRACE  reduce 81
	TOKEN_RCURLBRACE  reduce 81
	TOKEN_COMMA  reduce 81


state 41
	type : TOKEN_FUNCTION type TOKEN_LPAREN . param_list TOKEN_RPAREN  (13)
	param_list : .  (16)

	TOKEN_IDENT  shift 1
	TOKEN_RPAREN  reduce 16

	ident  goto 67
	param_list  goto 68
	n_param_list  goto 69
	param  goto 70


state 42
	decl : ident TOKEN_COLON type TOKEN_ASSGN TOKEN_LCURLBRACE . stmt_list TOKEN_RCURLBRACE  (6)
	decl : ident TOKEN_COLON type TOKEN_ASSGN TOKEN_LCURLBRACE . n_expr_list_block TOKEN_RCURLBRACE TOKEN_SEMICOLON  (7)
	stmt_list : .  (22)

	TOKEN_IDENT  shift 1
	TOKEN_STRING_LITERAL  shift 20
	TOKEN_INT_LITERAL  shift 21
	TOKEN_IF  shift 71
	TOKEN_CHAR_LITERAL  shift 22
	TOKEN_FALSE  shift 23
	TOKEN_FOR  shift 72
	TOKEN_PRINT  shift 73
	TOKEN_RETURN  shift 74
	TOKEN_TRUE  shift 24
	TOKEN_SUB  shift 25
	TOKEN_LPAREN  shift 26
	TOKEN_LCURLBRACE  shift 75
	TOKEN_NOT  shift 27
	TOKEN_RCURLBRACE  reduce 22

	decl  goto 76
	stmt  goto 77
	stmt_list  goto 78
	stmt_matched  goto 79
	n_stmt_matched  goto 80
	stmt_block  goto 81
	expr  goto 82
	n_expr_list  goto 83
	expr_and  goto 30
	expr_comp  goto 31
	expr_arith  goto 32
	expr_geom  goto 33
	expr_exp  goto 34
	expr_unary  goto 35
	expr_incr  goto 36
	expr_grouping  goto 37
	expr_primary  goto 38
	expr_not_assgn  goto 39
	n_expr_list_block  goto 84
	expr_block  goto 85
	ident  goto 86


state 43
	decl : ident TOKEN_COLON type TOKEN_ASSGN expr . TOKEN_SEMICOLON  (4)

	TOKEN_SEMICOLON  shift 87
	.  error


state 44
	expr_unary : TOKEN_SUB expr_unary .  (69)

	.  reduce 69


state 45
	expr_grouping : TOKEN_LPAREN expr . TOKEN_RPAREN  (74)

	TOKEN_RPAREN  shift 88
	.  error


state 46
	expr_unary : TOKEN_NOT expr_unary .  (68)

	.  reduce 68


state 47
	type : TOKEN_ARRAY TOKEN_LBRACE opt_expr TOKEN_RBRACE . type  (12)

	TOKEN_STRING  shift 8
	TOKEN_INT  shift 9
	TOKEN_ARRAY  shift 10
	TOKEN_BOOLEAN  shift 11
	TOKEN_CHAR  shift 12
	TOKEN_FUNCTION  shift 13
	TOKEN_VOID  shift 14
	.  error

	type  goto 89


state 48
	expr_and : expr_and TOKEN_AND . expr_comp  (50)

	TOKEN_IDENT  shift 1
	TOKEN_STRING_LITERAL  shift 20
	TOKEN_INT_LITERAL  shift 21
	TOKEN_CHAR_LITERAL  shift 22
	TOKEN_FALSE  shift 23
	TOKEN_TRUE  shift 24
	TOKEN_SUB  shift 25
	TOKEN_LPAREN  shift 26
	TOKEN_NOT  shift 27
	.  error

	expr_comp  goto 90
	expr_arith  goto 32
	expr_geom  goto 33
	expr_exp  goto 34
	expr_unary  goto 35
	expr_incr  goto 36
	expr_grouping  goto 37
	expr_primary  goto 38
	ident  goto 40


state 49
	expr_comp : expr_comp TOKEN_GT . expr_arith  (55)

	TOKEN_IDENT  shift 1
	TOKEN_STRING_LITERAL  shift 20
	TOKEN_INT_LITERAL  shift 21
	TOKEN_CHAR_LITERAL  shift 22
	TOKEN_FALSE  shift 23
	TOKEN_TRUE  shift 24
	TOKEN_SUB  shift 25
	TOKEN_LPAREN  shift 26
	TOKEN_NOT  shift 27
	.  error

	expr_arith  goto 91
	expr_geom  goto 33
	expr_exp  goto 34
	expr_unary  goto 35
	expr_incr  goto 36
	expr_grouping  goto 37
	expr_primary  goto 38
	ident  goto 40


state 50
	expr_comp : expr_comp TOKEN_GE . expr_arith  (53)

	TOKEN_IDENT  shift 1
	TOKEN_STRING_LITERAL  shift 20
	TOKEN_INT_LITERAL  shift 21
	TOKEN_CHAR_LITERAL  shift 22
	TOKEN_FALSE  shift 23
	TOKEN_TRUE  shift 24
	TOKEN_SUB  shift 25
	TOKEN_LPAREN  shift 26
	TOKEN_NOT  shift 27
	.  error

	expr_arith  goto 92
	expr_geom  goto 33
	expr_exp  goto 34
	expr_unary  goto 35
	expr_incr  goto 36
	expr_grouping  goto 37
	expr_primary  goto 38
	ident  goto 40


state 51
	expr_comp : expr_comp TOKEN_EQ . expr_arith  (56)

	TOKEN_IDENT  shift 1
	TOKEN_STRING_LITERAL  shift 20
	TOKEN_INT_LITERAL  shift 21
	TOKEN_CHAR_LITERAL  shift 22
	TOKEN_FALSE  shift 23
	TOKEN_TRUE  shift 24
	TOKEN_SUB  shift 25
	TOKEN_LPAREN  shift 26
	TOKEN_NOT  shift 27
	.  error

	expr_arith  goto 93
	expr_geom  goto 33
	expr_exp  goto 34
	expr_unary  goto 35
	expr_incr  goto 36
	expr_grouping  goto 37
	expr_primary  goto 38
	ident  goto 40


state 52
	expr_comp : expr_comp TOKEN_LE . expr_arith  (52)

	TOKEN_IDENT  shift 1
	TOKEN_STRING_LITERAL  shift 20
	TOKEN_INT_LITERAL  shift 21
	TOKEN_CHAR_LITERAL  shift 22
	TOKEN_FALSE  shift 23
	TOKEN_TRUE  shift 24
	TOKEN_SUB  shift 25
	TOKEN_LPAREN  shift 26
	TOKEN_NOT  shift 27
	.  error

	expr_arith  goto 94
	expr_geom  goto 33
	expr_exp  goto 34
	expr_unary  goto 35
	expr_incr  goto 36
	expr_grouping  goto 37
	expr_primary  goto 38
	ident  goto 40


state 53
	expr_comp : expr_comp TOKEN_LT . expr_arith  (54)

	TOKEN_IDENT  shift 1
	TOKEN_STRING_LITERAL  shift 20
	TOKEN_INT_LITERAL  shift 21
	TOKEN_CHAR_LITERAL  shift 22
	TOKEN_FALSE  shift 23
	TOKEN_TRUE  shift 24
	TOKEN_SUB  shift 25
	TOKEN_LPAREN  shift 26
	TOKEN_NOT  shift 27
	.  error

	expr_arith  goto 95
	expr_geom  goto 33
	expr_exp  goto 34
	expr_unary  goto 35
	expr_incr  goto 36
	expr_grouping  goto 37
	expr_primary  goto 38
	ident  goto 40


state 54
	expr_comp : expr_comp TOKEN_NE . expr_arith  (57)

	TOKEN_IDENT  shift 1
	TOKEN_STRING_LITERAL  shift 20
	TOKEN_INT_LITERAL  shift 21
	TOKEN_CHAR_LITERAL  shift 22
	TOKEN_FALSE  shift 23
	TOKEN_TRUE  shift 24
	TOKEN_SUB  shift 25
	TOKEN_LPAREN  shift 26
	TOKEN_NOT  shift 27
	.  error

	expr_arith  goto 96
	expr_geom  goto 33
	expr_exp  goto 34
	expr_unary  goto 35
	expr_incr  goto 36
	expr_grouping  goto 37
	expr_primary  goto 38
	ident  goto 40


state 55
	expr_arith : expr_arith TOKEN_ADD . expr_geom  (59)

	TOKEN_IDENT  shift 1
	TOKEN_STRING_LITERAL  shift 20
	TOKEN_INT_LITERAL  shift 21
	TOKEN_CHAR_LITERAL  shift 22
	TOKEN_FALSE  shift 23
	TOKEN_TRUE  shift 24
	TOKEN_SUB  shift 25
	TOKEN_LPAREN  shift 26
	TOKEN_NOT  shift 27
	.  error

	expr_geom  goto 97
	expr_exp  goto 34
	expr_unary  goto 35
	expr_incr  goto 36
	expr_grouping  goto 37
	expr_primary  goto 38
	ident  goto 40


state 56
	expr_arith : expr_arith TOKEN_SUB . expr_geom  (60)

	TOKEN_IDENT  shift 1
	TOKEN_STRING_LITERAL  shift 20
	TOKEN_INT_LITERAL  shift 21
	TOKEN_CHAR_LITERAL  shift 22
	TOKEN_FALSE  shift 23
	TOKEN_TRUE  shift 24
	TOKEN_SUB  shift 25
	TOKEN_LPAREN  shift 26
	TOKEN_NOT  shift 27
	.  error

	expr_geom  goto 98
	expr_exp  goto 34
	expr_unary  goto 35
	expr_incr  goto 36
	expr_grouping  goto 37
	expr_primary  goto 38
	ident  goto 40


state 57
	expr_geom : expr_geom TOKEN_MULT . expr_exp  (62)

	TOKEN_IDENT  shift 1
	TOKEN_STRING_LITERAL  shift 20
	TOKEN_INT_LITERAL  shift 21
	TOKEN_CHAR_LITERAL  shift 22
	TOKEN_FALSE  shift 23
	TOKEN_TRUE  shift 24
	TOKEN_SUB  shift 25
	TOKEN_LPAREN  shift 26
	TOKEN_NOT  shift 27
	.  error

	expr_exp  goto 99
	expr_unary  goto 35
	expr_incr  goto 36
	expr_grouping  goto 37
	expr_primary  goto 38
	ident  goto 40


state 58
	expr_geom : expr_geom TOKEN_DIV . expr_exp  (63)

	TOKEN_IDENT  shift 1
	TOKEN_STRING_LITERAL  shift 20
	TOKEN_INT_LITERAL  shift 21
	TOKEN_CHAR_LITERAL  shift 22
	TOKEN_FALSE  shift 23
	TOKEN_TRUE  shift 24
	TOKEN_SUB  shift 25
	TOKEN_LPAREN  shift 26
	TOKEN_NOT  shift 27
	.  error

	expr_exp  goto 100
	expr_unary  goto 35
	expr_incr  goto 36
	expr_grouping  goto 37
	expr_primary  goto 38
	ident  goto 40


state 59
	expr_geom : expr_geom TOKEN_MOD . expr_exp  (64)

	TOKEN_IDENT  shift 1
	TOKEN_STRING_LITERAL  shift 20
	TOKEN_INT_LITERAL  shift 21
	TOKEN_CHAR_LITERAL  shift 22
	TOKEN_FALSE  shift 23
	TOKEN_TRUE  shift 24
	TOKEN_SUB  shift 25
	TOKEN_LPAREN  shift 26
	TOKEN_NOT  shift 27
	.  error

	expr_exp  goto 101
	expr_unary  goto 35
	expr_incr  goto 36
	expr_grouping  goto 37
	expr_primary  goto 38
	ident  goto 40


state 60
	expr_exp : expr_exp TOKEN_EXP . expr_unary  (66)

	TOKEN_IDENT  shift 1
	TOKEN_STRING_LITERAL  shift 20
	TOKEN_INT_LITERAL  shift 21
	TOKEN_CHAR_LITERAL  shift 22
	TOKEN_FALSE  shift 23
	TOKEN_TRUE  shift 24
	TOKEN_SUB  shift 25
	TOKEN_LPAREN  shift 26
	TOKEN_NOT  shift 27
	.  error

	expr_unary  goto 102
	expr_incr  goto 36
	expr_grouping  goto 37
	expr_primary  goto 38
	ident  goto 40


state 61
	expr_incr : expr_grouping TOKEN_INCREMENT .  (71)

	.  reduce 71


state 62
	expr_incr : expr_grouping TOKEN_DECREMENT .  (72)

	.  reduce 72


state 63
	expr_not_assgn : expr_not_assgn TOKEN_OR . expr_and  (48)

	TOKEN_IDENT  shift 1
	TOKEN_STRING_LITERAL  shift 20
	TOKEN_INT_LITERAL  shift 21
	TOKEN_CHAR_LITERAL  shift 22
	TOKEN_FALSE  shift 23
	TOKEN_TRUE  shift 24
	TOKEN_SUB  shift 25
	TOKEN_LPAREN  shift 26
	TOKEN_NOT  shift 27
	.  error

	expr_and  goto 103
	expr_comp  goto 31
	expr_arith  goto 32
	expr_geom  goto 33
	expr_exp  goto 34
	expr_unary  goto 35
	expr_incr  goto 36
	expr_grouping  goto 37
	expr_primary  goto 38
	ident  goto 40


state 64
	expr : expr_not_assgn TOKEN_ASSGN . expr  (46)

	TOKEN_IDENT  shift 1
	TOKEN_STRING_LITERAL  shift 20
	TOKEN_INT_LITERAL  shift 21
	TOKEN_CHAR_LITERAL  shift 22
	TOKEN_FALSE  shift 23
	TOKEN_TRUE  shift 24
	TOKEN_SUB  shift 25
	TOKEN_LPAREN  shift 26
	TOKEN_NOT  shift 27
	.  error

	expr  goto 104
	expr_and  goto 30
	expr_comp  goto 31
	expr_arith  goto 32
	expr_geom  goto 33
	expr_exp  goto 34
	expr_unary  goto 35
	expr_incr  goto 36
	expr_grouping  goto 37
	expr_primary  goto 38
	expr_not_assgn  goto 39
	ident  goto 40


state 65
	expr_grouping : ident TOKEN_LPAREN . expr_list TOKEN_RPAREN  (76)
	expr_list : .  (39)

	TOKEN_IDENT  shift 1
	TOKEN_STRING_LITERAL  shift 20
	TOKEN_INT_LITERAL  shift 21
	TOKEN_CHAR_LITERAL  shift 22
	TOKEN_FALSE  shift 23
	TOKEN_TRUE  shift 24
	TOKEN_SUB  shift 25
	TOKEN_LPAREN  shift 26
	TOKEN_NOT  shift 27
	TOKEN_RPAREN  reduce 39

	expr  goto 105
	expr_list  goto 106
	n_expr_list  goto 107
	expr_and  goto 30
	expr_comp  goto 31
	expr_arith  goto 32
	expr_geom  goto 33
	expr_exp  goto 34
	expr_unary  goto 35
	expr_incr  goto 36
	expr_grouping  goto 37
	expr_primary  goto 38
	expr_not_assgn  goto 39
	ident  goto 40


state 66
	expr_grouping : ident TOKEN_LBRACE . expr TOKEN_RBRACE expr_array  (75)

	TOKEN_IDENT  shift 1
	TOKEN_STRING_LITERAL  shift 20
	TOKEN_INT_LITERAL  shift 21
	TOKEN_CHAR_LITERAL  shift 22
	TOKEN_FALSE  shift 23
	TOKEN_TRUE  shift 24
	TOKEN_SUB  shift 25
	TOKEN_LPAREN  shift 26
	TOKEN_NOT  shift 27
	.  error

	expr  goto 108
	expr_and  goto 30
	expr_comp  goto 31
	expr_arith  goto 32
	expr_geom  goto 33
	expr_exp  goto 34
	expr_unary  goto 35
	expr_incr  goto 36
	expr_grouping  goto 37
	expr_primary  goto 38
	expr_not_assgn  goto 39
	ident  goto 40


state 67
	param : ident . TOKEN_COLON type  (19)

	TOKEN_COLON  shift 109
	.  error


state 68
	type : TOKEN_FUNCTION type TOKEN_LPAREN param_list . TOKEN_RPAREN  (13)

	TOKEN_RPAREN  shift 110
	.  error


state 69
	param_list : n_param_list .  (15)

	.  reduce 15


state 70
	n_param_list : param .  (17)
	n_param_list : param . TOKEN_COMMA n_param_list  (18)

	TOKEN_COMMA  shift 111
	TOKEN_RPAREN  reduce 17


state 71
	stmt_matched : TOKEN_IF . TOKEN_LPAREN expr TOKEN_RPAREN stmt_matched TOKEN_ELSE stmt_matched  (30)
	n_stmt_matched : TOKEN_IF . TOKEN_LPAREN expr TOKEN_RPAREN stmt  (33)
	n_stmt_matched : TOKEN_IF . TOKEN_LPAREN expr TOKEN_RPAREN stmt_matched TOKEN_ELSE n_stmt_matched  (34)

	TOKEN_LPAREN  shift 112
	.  error


state 72
	stmt_matched : TOKEN_FOR . TOKEN_LPAREN opt_expr TOKEN_SEMICOLON opt_expr TOKEN_SEMICOLON opt_expr TOKEN_RPAREN stmt_matched  (27)
	n_stmt_matched : TOKEN_FOR . TOKEN_LPAREN opt_expr TOKEN_SEMICOLON opt_expr TOKEN_SEMICOLON opt_expr TOKEN_RPAREN n_stmt_matched  (35)

	TOKEN_LPAREN  shift 113
	.  error


state 73
	stmt_matched : TOKEN_PRINT . expr_list TOKEN_SEMICOLON  (29)
	expr_list : .  (39)

	TOKEN_IDENT  shift 1
	TOKEN_STRING_LITERAL  shift 20
	TOKEN_INT_LITERAL  shift 21
	TOKEN_CHAR_LITERAL  shift 22
	TOKEN_FALSE  shift 23
	TOKEN_TRUE  shift 24
	TOKEN_SUB  shift 25
	TOKEN_LPAREN  shift 26
	TOKEN_NOT  shift 27
	TOKEN_SEMICOLON  reduce 39

	expr  goto 105
	expr_list  goto 114
	n_expr_list  goto 107
	expr_and  goto 30
	expr_comp  goto 31
	expr_arith  goto 32
	expr_geom  goto 33
	expr_exp  goto 34
	expr_unary  goto 35
	expr_incr  goto 36
	expr_grouping  goto 37
	expr_primary  goto 38
	expr_not_assgn  goto 39
	ident  goto 40


state 74
	stmt_matched : TOKEN_RETURN . opt_expr TOKEN_SEMICOLON  (28)
	opt_expr : .  (37)

	TOKEN_IDENT  shift 1
	TOKEN_STRING_LITERAL  shift 20
	TOKEN_INT_LITERAL  shift 21
	TOKEN_CHAR_LITERAL  shift 22
	TOKEN_FALSE  shift 23
	TOKEN_TRUE  shift 24
	TOKEN_SUB  shift 25
	TOKEN_LPAREN  shift 26
	TOKEN_NOT  shift 27
	TOKEN_SEMICOLON  reduce 37

	expr  goto 28
	opt_expr  goto 115
	expr_and  goto 30
	expr_comp  goto 31
	expr_arith  goto 32
	expr_geom  goto 33
	expr_exp  goto 34
	expr_unary  goto 35
	expr_incr  goto 36
	expr_grouping  goto 37
	expr_primary  goto 38
	expr_not_assgn  goto 39
	ident  goto 40


state 75
	stmt_block : TOKEN_LCURLBRACE . stmt_list TOKEN_RCURLBRACE  (32)
	expr_block : TOKEN_LCURLBRACE . n_expr_list_block TOKEN_RCURLBRACE  (42)
	stmt_list : .  (22)

	TOKEN_IDENT  shift 1
	TOKEN_STRING_LITERAL  shift 20
	TOKEN_INT_LITERAL  shift 21
	TOKEN_IF  shift 71
	TOKEN_CHAR_LITERAL  shift 22
	TOKEN_FALSE  shift 23
	TOKEN_FOR  shift 72
	TOKEN_PRINT  shift 73
	TOKEN_RETURN  shift 74
	TOKEN_TRUE  shift 24
	TOKEN_SUB  shift 25
	TOKEN_LPAREN  shift 26
	TOKEN_LCURLBRACE  shift 75
	TOKEN_NOT  shift 27
	TOKEN_RCURLBRACE  reduce 22

	decl  goto 76
	stmt  goto 77
	stmt_list  goto 116
	stmt_matched  goto 79
	n_stmt_matched  goto 80
	stmt_block  goto 81
	expr  goto 82
	n_expr_list  goto 83
	expr_and  goto 30
	expr_comp  goto 31
	expr_arith  goto 32
	expr_geom  goto 33
	expr_exp  goto 34
	expr_unary  goto 35
	expr_incr  goto 36
	expr_grouping  goto 37
	expr_primary  goto 38
	expr_not_assgn  goto 39
	n_expr_list_block  goto 117
	expr_block  goto 85
	ident  goto 86


state 76
	stmt_matched : decl .  (25)

	.  reduce 25


state 77
	stmt_list : stmt . stmt_list  (21)
	stmt_list : .  (22)

	TOKEN_IDENT  shift 1
	TOKEN_STRING_LITERAL  shift 20
	TOKEN_INT_LITERAL  shift 21
	TOKEN_IF  shift 71
	TOKEN_CHAR_LITERAL  shift 22
	TOKEN_FALSE  shift 23
	TOKEN_FOR  shift 72
	TOKEN_PRINT  shift 73
	TOKEN_RETURN  shift 74
	TOKEN_TRUE  shift 24
	TOKEN_SUB  shift 25
	TOKEN_LPAREN  shift 26
	TOKEN_LCURLBRACE  shift 118
	TOKEN_NOT  shift 27
	TOKEN_RCURLBRACE  reduce 22

	decl  goto 76
	stmt  goto 77
	stmt_list  goto 119
	stmt_matched  goto 79
	n_stmt_matched  goto 80
	stmt_block  goto 81
	expr  goto 120
	expr_and  goto 30
	expr_comp  goto 31
	expr_arith  goto 32
	expr_geom  goto 33
	expr_exp  goto 34
	expr_unary  goto 35
	expr_incr  goto 36
	expr_grouping  goto 37
	expr_primary  goto 38
	expr_not_assgn  goto 39
	ident  goto 86


state 78
	decl : ident TOKEN_COLON type TOKEN_ASSGN TOKEN_LCURLBRACE stmt_list . TOKEN_RCURLBRACE  (6)

	TOKEN_RCURLBRACE  shift 121
	.  error


state 79
	stmt : stmt_matched .  (23)

	.  reduce 23


state 80
	stmt : n_stmt_matched .  (24)

	.  reduce 24


state 81
	stmt_matched : stmt_block .  (31)

	.  reduce 31


state 82
	stmt_matched : expr . TOKEN_SEMICOLON  (26)
	n_expr_list : expr . TOKEN_COMMA n_expr_list  (40)
	n_expr_list : expr .  (41)

	TOKEN_SEMICOLON  shift 122
	TOKEN_COMMA  shift 123
	TOKEN_RCURLBRACE  reduce 41


state 83
	n_expr_list_block : n_expr_list .  (45)

	.  reduce 45


state 84
	decl : ident TOKEN_COLON type TOKEN_ASSGN TOKEN_LCURLBRACE n_expr_list_block . TOKEN_RCURLBRACE TOKEN_SEMICOLON  (7)

	TOKEN_RCURLBRACE  shift 124
	.  error


state 85
	n_expr_list_block : expr_block . TOKEN_COMMA n_expr_list_block  (43)
	n_expr_list_block : expr_block .  (44)

	TOKEN_COMMA  shift 125
	TOKEN_RCURLBRACE  reduce 44


state 86
	decl : ident . TOKEN_COLON type TOKEN_ASSGN expr TOKEN_SEMICOLON  (4)
	decl : ident . TOKEN_COLON type TOKEN_SEMICOLON  (5)
	decl : ident . TOKEN_COLON type TOKEN_ASSGN TOKEN_LCURLBRACE stmt_list TOKEN_RCURLBRACE  (6)
	decl : ident . TOKEN_COLON type TOKEN_ASSGN TOKEN_LCURLBRACE n_expr_list_block TOKEN_RCURLBRACE TOKEN_SEMICOLON  (7)
	expr_grouping : ident . TOKEN_LBRACE expr TOKEN_RBRACE expr_array  (75)
	expr_grouping : ident . TOKEN_LPAREN expr_list TOKEN_RPAREN  (76)
	expr_primary : ident .  (81)

	TOKEN_COLON  shift 7
	TOKEN_LPAREN  shift 65
	TOKEN_LBRACE  shift 66
	TOKEN_ADD  reduce 81
	TOKEN_SUB  reduce 81
	TOKEN_MULT  reduce 81
	TOKEN_DIV  reduce 81
	TOKEN_MOD  reduce 81
	TOKEN_EXP  reduce 81
	TOKEN_INCREMENT  reduce 81
	TOKEN_DECREMENT  reduce 81
	TOKEN_GT  reduce 81
	TOKEN_GE  reduce 81
	TOKEN_EQ  reduce 81
	TOKEN_LE  reduce 81
	TOKEN_LT  reduce 81
	TOKEN_AND  reduce 81
	TOKEN_OR  reduce 81
	TOKEN_NE  reduce 81
	TOKEN_ASSGN  reduce 81
	TOKEN_SEMICOLON  reduce 81
	TOKEN_RCURLBRACE  reduce 81
	TOKEN_COMMA  reduce 81


state 87
	decl : ident TOKEN_COLON type TOKEN_ASSGN expr TOKEN_SEMICOLON .  (4)

	.  reduce 4


state 88
	expr_grouping : TOKEN_LPAREN expr TOKEN_RPAREN .  (74)

	.  reduce 74


state 89
	type : TOKEN_ARRAY TOKEN_LBRACE opt_expr TOKEN_RBRACE type .  (12)

	.  reduce 12


state 90
	expr_and : expr_and TOKEN_AND expr_comp .  (50)
	expr_comp : expr_comp . TOKEN_LE expr_arith  (52)
	expr_comp : expr_comp . TOKEN_GE expr_arith  (53)
	expr_comp : expr_comp . TOKEN_LT expr_arith  (54)
	expr_comp : expr_comp . TOKEN_GT expr_arith  (55)
	expr_comp : expr_comp . TOKEN_EQ expr_arith  (56)
	expr_comp : expr_comp . TOKEN_NE expr_arith  (57)

	TOKEN_GT  shift 49
	TOKEN_GE  shift 50
	TOKEN_EQ  shift 51
	TOKEN_LE  shift 52
	TOKEN_LT  shift 53
	TOKEN_NE  shift 54
	TOKEN_AND  reduce 50
	TOKEN_OR  reduce 50
	TOKEN_ASSGN  reduce 50
	TOKEN_SEMICOLON  reduce 50
	TOKEN_RPAREN  reduce 50
	TOKEN_RBRACE  reduce 50
	TOKEN_RCURLBRACE  reduce 50
	TOKEN_COMMA  reduce 50


state 91
	expr_comp : expr_comp TOKEN_GT expr_arith .  (55)
	expr_arith : expr_arith . TOKEN_ADD expr_geom  (59)
	expr_arith : expr_arith . TOKEN_SUB expr_geom  (60)

	TOKEN_ADD  shift 55
	TOKEN_SUB  shift 56
	TOKEN_GT  reduce 55
	TOKEN_GE  reduce 55
	TOKEN_EQ  reduce 55
	TOKEN_LE  reduce 55
	TOKEN_LT  reduce 55
	TOKEN_AND  reduce 55
	TOKEN_OR  reduce 55
	TOKEN_NE  reduce 55
	TOKEN_ASSGN  reduce 55
	TOKEN_SEMICOLON  reduce 55
	TOKEN_RPAREN  reduce 55
	TOKEN_RBRACE  reduce 55
	TOKEN_RCURLBRACE  reduce 55
	TOKEN_COMMA  reduce 55


state 92
	expr_comp : expr_comp TOKEN_GE expr_arith .  (53)
	expr_arith : expr_arith . TOKEN_ADD expr_geom  (59)
	expr_arith : expr_arith . TOKEN_SUB expr_geom  (60)

	TOKEN_ADD  shift 55
	TOKEN_SUB  shift 56
	TOKEN_GT  reduce 53
	TOKEN_GE  reduce 53
	TOKEN_EQ  reduce 53
	TOKEN_LE  reduce 53
	TOKEN_LT  reduce 53
	TOKEN_AND  reduce 53
	TOKEN_OR  reduce 53
	TOKEN_NE  reduce 53
	TOKEN_ASSGN  reduce 53
	TOKEN_SEMICOLON  reduce 53
	TOKEN_RPAREN  reduce 53
	TOKEN_RBRACE  reduce 53
	TOKEN_RCURLBRACE  reduce 53
	TOKEN_COMMA  reduce 53


state 93
	expr_comp : expr_comp TOKEN_EQ expr_arith .  (56)
	expr_arith : expr_arith . TOKEN_ADD expr_geom  (59)
	expr_arith : expr_arith . TOKEN_SUB expr_geom  (60)

	TOKEN_ADD  shift 55
	TOKEN_SUB  shift 56
	TOKEN_GT  reduce 56
	TOKEN_GE  reduce 56
	TOKEN_EQ  reduce 56
	TOKEN_LE  reduce 56
	TOKEN_LT  reduce 56
	TOKEN_AND  reduce 56
	TOKEN_OR  reduce 56
	TOKEN_NE  reduce 56
	TOKEN_ASSGN  reduce 56
	TOKEN_SEMICOLON  reduce 56
	TOKEN_RPAREN  reduce 56
	TOKEN_RBRACE  reduce 56
	TOKEN_RCURLBRACE  reduce 56
	TOKEN_COMMA  reduce 56


state 94
	expr_comp : expr_comp TOKEN_LE expr_arith .  (52)
	expr_arith : expr_arith . TOKEN_ADD expr_geom  (59)
	expr_arith : expr_arith . TOKEN_SUB expr_geom  (60)

	TOKEN_ADD  shift 55
	TOKEN_SUB  shift 56
	TOKEN_GT  reduce 52
	TOKEN_GE  reduce 52
	TOKEN_EQ  reduce 52
	TOKEN_LE  reduce 52
	TOKEN_LT  reduce 52
	TOKEN_AND  reduce 52
	TOKEN_OR  reduce 52
	TOKEN_NE  reduce 52
	TOKEN_ASSGN  reduce 52
	TOKEN_SEMICOLON  reduce 52
	TOKEN_RPAREN  reduce 52
	TOKEN_RBRACE  reduce 52
	TOKEN_RCURLBRACE  reduce 52
	TOKEN_COMMA  reduce 52


state 95
	expr_comp : expr_comp TOKEN_LT expr_arith .  (54)
	expr_arith : expr_arith . TOKEN_ADD expr_geom  (59)
	expr_arith : expr_arith . TOKEN_SUB expr_geom  (60)

	TOKEN_ADD  shift 55
	TOKEN_SUB  shift 56
	TOKEN_GT  reduce 54
	TOKEN_GE  reduce 54
	TOKEN_EQ  reduce 54
	TOKEN_LE  reduce 54
	TOKEN_LT  reduce 54
	TOKEN_AND  reduce 54
	TOKEN_OR  reduce 54
	TOKEN_NE  reduce 54
	TOKEN_ASSGN  reduce 54
	TOKEN_SEMICOLON  reduce 54
	TOKEN_RPAREN  reduce 54
	TOKEN_RBRACE  reduce 54
	TOKEN_RCURLBRACE  reduce 54
	TOKEN_COMMA  reduce 54


state 96
	expr_comp : expr_comp TOKEN_NE expr_arith .  (57)
	expr_arith : expr_arith . TOKEN_ADD expr_geom  (59)
	expr_arith : expr_arith . TOKEN_SUB expr_geom  (60)

	TOKEN_ADD  shift 55
	TOKEN_SUB  shift 56
	TOKEN_GT  reduce 57
	TOKEN_GE  reduce 57
	TOKEN_EQ  reduce 57
	TOKEN_LE  reduce 57
	TOKEN_LT  reduce 57
	TOKEN_AND  reduce 57
	TOKEN_OR  reduce 57
	TOKEN_NE  reduce 57
	TOKEN_ASSGN  reduce 57
	TOKEN_SEMICOLON  reduce 57
	TOKEN_RPAREN  reduce 57
	TOKEN_RBRACE  reduce 57
	TOKEN_RCURLBRACE  reduce 57
	TOKEN_COMMA  reduce 57


state 97
	expr_arith : expr_arith TOKEN_ADD expr_geom .  (59)
	expr_geom : expr_geom . TOKEN_MULT expr_exp  (62)
	expr_geom : expr_geom . TOKEN_DIV expr_exp  (63)
	expr_geom : expr_geom . TOKEN_MOD expr_exp  (64)

	TOKEN_MULT  shift 57
	TOKEN_DIV  shift 58
	TOKEN_MOD  shift 59
	TOKEN_ADD  reduce 59
	TOKEN_SUB  reduce 59
	TOKEN_GT  reduce 59
	TOKEN_GE  reduce 59
	TOKEN_EQ  reduce 59
	TOKEN_LE  reduce 59
	TOKEN_LT  reduce 59
	TOKEN_AND  reduce 59
	TOKEN_OR  reduce 59
	TOKEN_NE  reduce 59
	TOKEN_ASSGN  reduce 59
	TOKEN_SEMICOLON  reduce 59
	TOKEN_RPAREN  reduce 59
	TOKEN_RBRACE  reduce 59
	TOKEN_RCURLBRACE  reduce 59
	TOKEN_COMMA  reduce 59


state 98
	expr_arith : expr_arith TOKEN_SUB expr_geom .  (60)
	expr_geom : expr_geom . TOKEN_MULT expr_exp  (62)
	expr_geom : expr_geom . TOKEN_DIV expr_exp  (63)
	expr_geom : expr_geom . TOKEN_MOD expr_exp  (64)

	TOKEN_MULT  shift 57
	TOKEN_DIV  shift 58
	TOKEN_MOD  shift 59
	TOKEN_ADD  reduce 60
	TOKEN_SUB  reduce 60
	TOKEN_GT  reduce 60
	TOKEN_GE  reduce 60
	TOKEN_EQ  reduce 60
	TOKEN_LE  reduce 60
	TOKEN_LT  reduce 60
	TOKEN_AND  reduce 60
	TOKEN_OR  reduce 60
	TOKEN_NE  reduce 60
	TOKEN_ASSGN  reduce 60
	TOKEN_SEMICOLON  reduce 60
	TOKEN_RPAREN  reduce 60
	TOKEN_RBRACE  reduce 60
	TOKEN_RCURLBRACE  reduce 60
	TOKEN_COMMA  reduce 60


state 99
	expr_geom : expr_geom TOKEN_MULT expr_exp .  (62)
	expr_exp : expr_exp . TOKEN_EXP expr_unary  (66)

	TOKEN_EXP  shift 60
	TOKEN_ADD  reduce 62
	TOKEN_SUB  reduce 62
	TOKEN_MULT  reduce 62
	TOKEN_DIV  reduce 62
	TOKEN_MOD  reduce 62
	TOKEN_GT  reduce 62
	TOKEN_GE  reduce 62
	TOKEN_EQ  reduce 62
	TOKEN_LE  reduce 62
	TOKEN_LT  reduce 62
	TOKEN_AND  reduce 62
	TOKEN_OR  reduce 62
	TOKEN_NE  reduce 62
	TOKEN_ASSGN  reduce 62
	TOKEN_SEMICOLON  reduce 62
	TOKEN_RPAREN  reduce 62
	TOKEN_RBRACE  reduce 62
	TOKEN_RCURLBRACE  reduce 62
	TOKEN_COMMA  reduce 62


state 100
	expr_geom : expr_geom TOKEN_DIV expr_exp .  (63)
	expr_exp : expr_exp . TOKEN_EXP expr_unary  (66)

	TOKEN_EXP  shift 60
	TOKEN_ADD  reduce 63
	TOKEN_SUB  reduce 63
	TOKEN_MULT  reduce 63
	TOKEN_DIV  reduce 63
	TOKEN_MOD  reduce 63
	TOKEN_GT  reduce 63
	TOKEN_GE  reduce 63
	TOKEN_EQ  reduce 63
	TOKEN_LE  reduce 63
	TOKEN_LT  reduce 63
	TOKEN_AND  reduce 63
	TOKEN_OR  reduce 63
	TOKEN_NE  reduce 63
	TOKEN_ASSGN  reduce 63
	TOKEN_SEMICOLON  reduce 63
	TOKEN_RPAREN  reduce 63
	TOKEN_RBRACE  reduce 63
	TOKEN_RCURLBRACE  reduce 63
	TOKEN_COMMA  reduce 63


state 101
	expr_geom : expr_geom TOKEN_MOD expr_exp .  (64)
	expr_exp : expr_exp . TOKEN_EXP expr_unary  (66)

	TOKEN_EXP  shift 60
	TOKEN_ADD  reduce 64
	TOKEN_SUB  reduce 64
	TOKEN_MULT  reduce 64
	TOKEN_DIV  reduce 64
	TOKEN_MOD  reduce 64
	TOKEN_GT  reduce 64
	TOKEN_GE  reduce 64
	TOKEN_EQ  reduce 64
	TOKEN_LE  reduce 64
	TOKEN_LT  reduce 64
	TOKEN_AND  reduce 64
	TOKEN_OR  reduce 64
	TOKEN_NE  reduce 64
	TOKEN_ASSGN  reduce 64
	TOKEN_SEMICOLON  reduce 64
	TOKEN_RPAREN  reduce 64
	TOKEN_RBRACE  reduce 64
	TOKEN_RCURLBRACE  reduce 64
	TOKEN_COMMA  reduce 64


state 102
	expr_exp : expr_exp TOKEN_EXP expr_unary .  (66)

	.  reduce 66


state 103
	expr_not_assgn : expr_not_assgn TOKEN_OR expr_and .  (48)
	expr_and : expr_and . TOKEN_AND expr_comp  (50)

	TOKEN_AND  shift 48
	TOKEN_OR  reduce 48
	TOKEN_ASSGN  reduce 48
	TOKEN_SEMICOLON  reduce 48
	TOKEN_RPAREN  reduce 48
	TOKEN_RBRACE  reduce 48
	TOKEN_RCURLBRACE  reduce 48
	TOKEN_COMMA  reduce 48


state 104
	expr : expr_not_assgn TOKEN_ASSGN expr .  (46)

	.  reduce 46


state 105
	n_expr_list : expr . TOKEN_COMMA n_expr_list  (40)
	n_expr_list : expr .  (41)

	TOKEN_COMMA  shift 123
	TOKEN_SEMICOLON  reduce 41
	TOKEN_RPAREN  reduce 41
	TOKEN_RCURLBRACE  reduce 41


state 106
	expr_grouping : ident TOKEN_LPAREN expr_list . TOKEN_RPAREN  (76)

	TOKEN_RPAREN  shift 126
	.  error


state 107
	expr_list : n_expr_list .  (38)

	.  reduce 38


state 108
	expr_grouping : ident TOKEN_LBRACE expr . TOKEN_RBRACE expr_array  (75)

	TOKEN_RBRACE  shift 127
	.  error


state 109
	param : ident TOKEN_COLON . type  (19)

	TOKEN_STRING  shift 8
	TOKEN_INT  shift 9
	TOKEN_ARRAY  shift 10
	TOKEN_BOOLEAN  shift 11
	TOKEN_CHAR  shift 12
	TOKEN_FUNCTION  shift 13
	TOKEN_VOID  shift 14
	.  error

	type  goto 128


state 110
	type : TOKEN_FUNCTION type TOKEN_LPAREN param_list TOKEN_RPAREN .  (13)

	.  reduce 13


state 111
	n_param_list : param TOKEN_COMMA . n_param_list  (18)

	TOKEN_IDENT  shift 1
	.  error

	ident  goto 67
	n_param_list  goto 129
	param  goto 70


state 112
	stmt_matched : TOKEN_IF TOKEN_LPAREN . expr TOKEN_RPAREN stmt_matched TOKEN_ELSE stmt_matched  (30)
	n_stmt_matched : TOKEN_IF TOKEN_LPAREN . expr TOKEN_RPAREN stmt  (33)
	n_stmt_matched : TOKEN_IF TOKEN_LPAREN . expr TOKEN_RPAREN stmt_matched TOKEN_ELSE n_stmt_matched  (34)

	TOKEN_IDENT  shift 1
	TOKEN_STRING_LITERAL  shift 20
	TOKEN_INT_LITERAL  shift 21
	TOKEN_CHAR_LITERAL  shift 22
	TOKEN_FALSE  shift 23
	TOKEN_TRUE  shift 24
	TOKEN_SUB  shift 25
	TOKEN_LPAREN  shift 26
	TOKEN_NOT  shift 27
	.  error

	expr  goto 130
	expr_and  goto 30
	expr_comp  goto 31
	expr_arith  goto 32
	expr_geom  goto 33
	expr_exp  goto 34
	expr_unary  goto 35
	expr_incr  goto 36
	expr_grouping  goto 37
	expr_primary  goto 38
	expr_not_assgn  goto 39
	ident  goto 40


state 113
	stmt_matched : TOKEN_FOR TOKEN_LPAREN . opt_expr TOKEN_SEMICOLON opt_expr TOKEN_SEMICOLON opt_expr TOKEN_RPAREN stmt_matched  (27)
	n_stmt_matched : TOKEN_FOR TOKEN_LPAREN . opt_expr TOKEN_SEMICOLON opt_expr TOKEN_SEMICOLON opt_expr TOKEN_RPAREN n_stmt_matched  (35)
	opt_expr : .  (37)

	TOKEN_IDENT  shift 1
	TOKEN_STRING_LITERAL  shift 20
	TOKEN_INT_LITERAL  shift 21
	TOKEN_CHAR_LITERAL  shift 22
	TOKEN_FALSE  shift 23
	TOKEN_TRUE  shift 24
	TOKEN_SUB  shift 25
	TOKEN_LPAREN  shift 26
	TOKEN_NOT  shift 27
	TOKEN_SEMICOLON  reduce 37

	expr  goto 28
	opt_expr  goto 131
	expr_and  goto 30
	expr_comp  goto 31
	expr_arith  goto 32
	expr_geom  goto 33
	expr_exp  goto 34
	expr_unary  goto 35
	expr_incr  goto 36
	expr_grouping  goto 37
	expr_primary  goto 38
	expr_not_assgn  goto 39
	ident  goto 40


state 114
	stmt_matched : TOKEN_PRINT expr_list . TOKEN_SEMICOLON  (29)

	TOKEN_SEMICOLON  shift 132
	.  error


state 115
	stmt_matched : TOKEN_RETURN opt_expr . TOKEN_SEMICOLON  (28)

	TOKEN_SEMICOLON  shift 133
	.  error


state 116
	stmt_block : TOKEN_LCURLBRACE stmt_list . TOKEN_RCURLBRACE  (32)

	TOKEN_RCURLBRACE  shift 134
	.  error


state 117
	expr_block : TOKEN_LCURLBRACE n_expr_list_block . TOKEN_RCURLBRACE  (42)

	TOKEN_RCURLBRACE  shift 135
	.  error


state 118
	stmt_block : TOKEN_LCURLBRACE . stmt_list TOKEN_RCURLBRACE  (32)
	stmt_list : .  (22)

	TOKEN_IDENT  shift 1
	TOKEN_STRING_LITERAL  shift 20
	TOKEN_INT_LITERAL  shift 21
	TOKEN_IF  shift 71
	TOKEN_CHAR_LITERAL  shift 22
	TOKEN_FALSE  shift 23
	TOKEN_FOR  shift 72
	TOKEN_PRINT  shift 73
	TOKEN_RETURN  shift 74
	TOKEN_TRUE  shift 24
	TOKEN_SUB  shift 25
	TOKEN_LPAREN  shift 26
	TOKEN_LCURLBRACE  shift 118
	TOKEN_NOT  shift 27
	TOKEN_RCURLBRACE  reduce 22

	decl  goto 76
	stmt  goto 77
	stmt_list  goto 116
	stmt_matched  goto 79
	n_stmt_matched  goto 80
	stmt_block  goto 81
	expr  goto 120
	expr_and  goto 30
	expr_comp  goto 31
	expr_arith  goto 32
	expr_geom  goto 33
	expr_exp  goto 34
	expr_unary  goto 35
	expr_incr  goto 36
	expr_grouping  goto 37
	expr_primary  goto 38
	expr_not_assgn  goto 39
	ident  goto 86


state 119
	stmt_list : stmt stmt_list .  (21)

	.  reduce 21


state 120
	stmt_matched : expr . TOKEN_SEMICOLON  (26)

	TOKEN_SEMICOLON  shift 122
	.  error


state 121
	decl : ident TOKEN_COLON type TOKEN_ASSGN TOKEN_LCURLBRACE stmt_list TOKEN_RCURLBRACE .  (6)

	.  reduce 6


state 122
	stmt_matched : expr TOKEN_SEMICOLON .  (26)

	.  reduce 26


state 123
	n_expr_list : expr TOKEN_COMMA . n_expr_list  (40)

	TOKEN_IDENT  shift 1
	TOKEN_STRING_LITERAL  shift 20
	TOKEN_INT_LITERAL  shift 21
	TOKEN_CHAR_LITERAL  shift 22
	TOKEN_FALSE  shift 23
	TOKEN_TRUE  shift 24
	TOKEN_SUB  shift 25
	TOKEN_LPAREN  shift 26
	TOKEN_NOT  shift 27
	.  error

	expr  goto 105
	n_expr_list  goto 136
	expr_and  goto 30
	expr_comp  goto 31
	expr_arith  goto 32
	expr_geom  goto 33
	expr_exp  goto 34
	expr_unary  goto 35
	expr_incr  goto 36
	expr_grouping  goto 37
	expr_primary  goto 38
	expr_not_assgn  goto 39
	ident  goto 40


state 124
	decl : ident TOKEN_COLON type TOKEN_ASSGN TOKEN_LCURLBRACE n_expr_list_block TOKEN_RCURLBRACE . TOKEN_SEMICOLON  (7)

	TOKEN_SEMICOLON  shift 137
	.  error


state 125
	n_expr_list_block : expr_block TOKEN_COMMA . n_expr_list_block  (43)

	TOKEN_IDENT  shift 1
	TOKEN_STRING_LITERAL  shift 20
	TOKEN_INT_LITERAL  shift 21
	TOKEN_CHAR_LITERAL  shift 22
	TOKEN_FALSE  shift 23
	TOKEN_TRUE  shift 24
	TOKEN_SUB  shift 25
	TOKEN_LPAREN  shift 26
	TOKEN_LCURLBRACE  shift 138
	TOKEN_NOT  shift 27
	.  error

	expr  goto 105
	n_expr_list  goto 83
	expr_and  goto 30
	expr_comp  goto 31
	expr_arith  goto 32
	expr_geom  goto 33
	expr_exp  goto 34
	expr_unary  goto 35
	expr_incr  goto 36
	expr_grouping  goto 37
	expr_primary  goto 38
	expr_not_assgn  goto 39
	n_expr_list_block  goto 139
	expr_block  goto 85
	ident  goto 40


state 126
	expr_grouping : ident TOKEN_LPAREN expr_list TOKEN_RPAREN .  (76)

	.  reduce 76


state 127
	expr_grouping : ident TOKEN_LBRACE expr TOKEN_RBRACE . expr_array  (75)
	expr_array : .  (79)

	TOKEN_LBRACE  shift 140
	TOKEN_ADD  reduce 79
	TOKEN_SUB  reduce 79
	TOKEN_MULT  reduce 79
	TOKEN_DIV  reduce 79
	TOKEN_MOD  reduce 79
	TOKEN_EXP  reduce 79
	TOKEN_INCREMENT  reduce 79
	TOKEN_DECREMENT  reduce 79
	TOKEN_GT  reduce 79
	TOKEN_GE  reduce 79
	TOKEN_EQ  reduce 79
	TOKEN_LE  reduce 79
	TOKEN_LT  reduce 79
	TOKEN_AND  reduce 79
	TOKEN_OR  reduce 79
	TOKEN_NE  reduce 79
	TOKEN_ASSGN  reduce 79
	TOKEN_SEMICOLON  reduce 79
	TOKEN_RPAREN  reduce 79
	TOKEN_RBRACE  reduce 79
	TOKEN_RCURLBRACE  reduce 79
	TOKEN_COMMA  reduce 79

	expr_array  goto 141


state 128
	param : ident TOKEN_COLON type .  (19)

	.  reduce 19


state 129
	n_param_list : param TOKEN_COMMA n_param_list .  (18)

	.  reduce 18


state 130
	stmt_matched : TOKEN_IF TOKEN_LPAREN expr . TOKEN_RPAREN stmt_matched TOKEN_ELSE stmt_matched  (30)
	n_stmt_matched : TOKEN_IF TOKEN_LPAREN expr . TOKEN_RPAREN stmt  (33)
	n_stmt_matched : TOKEN_IF TOKEN_LPAREN expr . TOKEN_RPAREN stmt_matched TOKEN_ELSE n_stmt_matched  (34)

	TOKEN_RPAREN  shift 142
	.  error


state 131
	stmt_matched : TOKEN_FOR TOKEN_LPAREN opt_expr . TOKEN_SEMICOLON opt_expr TOKEN_SEMICOLON opt_expr TOKEN_RPAREN stmt_matched  (27)
	n_stmt_matched : TOKEN_FOR TOKEN_LPAREN opt_expr . TOKEN_SEMICOLON opt_expr TOKEN_SEMICOLON opt_expr TOKEN_RPAREN n_stmt_matched  (35)

	TOKEN_SEMICOLON  shift 143
	.  error


state 132
	stmt_matched : TOKEN_PRINT expr_list TOKEN_SEMICOLON .  (29)

	.  reduce 29


state 133
	stmt_matched : TOKEN_RETURN opt_expr TOKEN_SEMICOLON .  (28)

	.  reduce 28


state 134
	stmt_block : TOKEN_LCURLBRACE stmt_list TOKEN_RCURLBRACE .  (32)

	.  reduce 32


state 135
	expr_block : TOKEN_LCURLBRACE n_expr_list_block TOKEN_RCURLBRACE .  (42)

	.  reduce 42


state 136
	n_expr_list : expr TOKEN_COMMA n_expr_list .  (40)

	.  reduce 40


state 137
	decl : ident TOKEN_COLON type TOKEN_ASSGN TOKEN_LCURLBRACE n_expr_list_block TOKEN_RCURLBRACE TOKEN_SEMICOLON .  (7)

	.  reduce 7


state 138
	expr_block : TOKEN_LCURLBRACE . n_expr_list_block TOKEN_RCURLBRACE  (42)

	TOKEN_IDENT  shift 1
	TOKEN_STRING_LITERAL  shift 20
	TOKEN_INT_LITERAL  shift 21
	TOKEN_CHAR_LITERAL  shift 22
	TOKEN_FALSE  shift 23
	TOKEN_TRUE  shift 24
	TOKEN_SUB  shift 25
	TOKEN_LPAREN  shift 26
	TOKEN_LCURLBRACE  shift 138
	TOKEN_NOT  shift 27
	.  error

	expr  goto 105
	n_expr_list  goto 83
	expr_and  goto 30
	expr_comp  goto 31
	expr_arith  goto 32
	expr_geom  goto 33
	expr_exp  goto 34
	expr_unary  goto 35
	expr_incr  goto 36
	expr_grouping  goto 37
	expr_primary  goto 38
	expr_not_assgn  goto 39
	n_expr_list_block  goto 117
	expr_block  goto 85
	ident  goto 40


state 139
	n_expr_list_block : expr_block TOKEN_COMMA n_expr_list_block .  (43)

	.  reduce 43


state 140
	expr_array : TOKEN_LBRACE . expr TOKEN_RBRACE expr_array  (78)

	TOKEN_IDENT  shift 1
	TOKEN_STRING_LITERAL  shift 20
	TOKEN_INT_LITERAL  shift 21
	TOKEN_CHAR_LITERAL  shift 22
	TOKEN_FALSE  shift 23
	TOKEN_TRUE  shift 24
	TOKEN_SUB  shift 25
	TOKEN_LPAREN  shift 26
	TOKEN_NOT  shift 27
	.  error

	expr  goto 144
	expr_and  goto 30
	expr_comp  goto 31
	expr_arith  goto 32
	expr_geom  goto 33
	expr_exp  goto 34
	expr_unary  goto 35
	expr_incr  goto 36
	expr_grouping  goto 37
	expr_primary  goto 38
	expr_not_assgn  goto 39
	ident  goto 40


state 141
	expr_grouping : ident TOKEN_LBRACE expr TOKEN_RBRACE expr_array .  (75)

	.  reduce 75


state 142
	stmt_matched : TOKEN_IF TOKEN_LPAREN expr TOKEN_RPAREN . stmt_matched TOKEN_ELSE stmt_matched  (30)
	n_stmt_matched : TOKEN_IF TOKEN_LPAREN expr TOKEN_RPAREN . stmt  (33)
	n_stmt_matched : TOKEN_IF TOKEN_LPAREN expr TOKEN_RPAREN . stmt_matched TOKEN_ELSE n_stmt_matched  (34)

	TOKEN_IDENT  shift 1
	TOKEN_STRING_LITERAL  shift 20
	TOKEN_INT_LITERAL  shift 21
	TOKEN_IF  shift 71
	TOKEN_CHAR_LITERAL  shift 22
	TOKEN_FALSE  shift 23
	TOKEN_FOR  shift 72
	TOKEN_PRINT  shift 73
	TOKEN_RETURN  shift 74
	TOKEN_TRUE  shift 24
	TOKEN_SUB  shift 25
	TOKEN_LPAREN  shift 26
	TOKEN_LCURLBRACE  shift 118
	TOKEN_NOT  shift 27
	.  error

	decl  goto 76
	stmt  goto 145
	stmt_matched  goto 146
	n_stmt_matched  goto 80
	stmt_block  goto 81
	expr  goto 120
	expr_and  goto 30
	expr_comp  goto 31
	expr_arith  goto 32
	expr_geom  goto 33
	expr_exp  goto 34
	expr_unary  goto 35
	expr_incr  goto 36
	expr_grouping  goto 37
	expr_primary  goto 38
	expr_not_assgn  goto 39
	ident  goto 86


state 143
	stmt_matched : TOKEN_FOR TOKEN_LPAREN opt_expr TOKEN_SEMICOLON . opt_expr TOKEN_SEMICOLON opt_expr TOKEN_RPAREN stmt_matched  (27)
	n_stmt_matched : TOKEN_FOR TOKEN_LPAREN opt_expr TOKEN_SEMICOLON . opt_expr TOKEN_SEMICOLON opt_expr TOKEN_RPAREN n_stmt_matched  (35)
	opt_expr : .  (37)

	TOKEN_IDENT  shift 1
	TOKEN_STRING_LITERAL  shift 20
	TOKEN_INT_LITERAL  shift 21
	TOKEN_CHAR_LITERAL  shift 22
	TOKEN_FALSE  shift 23
	TOKEN_TRUE  shift 24
	TOKEN_SUB  shift 25
	TOKEN_LPAREN  shift 26
	TOKEN_NOT  shift 27
	TOKEN_SEMICOLON  reduce 37

	expr  goto 28
	opt_expr  goto 147
	expr_and  goto 30
	expr_comp  goto 31
	expr_arith  goto 32
	expr_geom  goto 33
	expr_exp  goto 34
	expr_unary  goto 35
	expr_incr  goto 36
	expr_grouping  goto 37
	expr_primary  goto 38
	expr_not_assgn  goto 39
	ident  goto 40


state 144
	expr_array : TOKEN_LBRACE expr . TOKEN_RBRACE expr_array  (78)

	TOKEN_RBRACE  shift 148
	.  error


state 145
	n_stmt_matched : TOKEN_IF TOKEN_LPAREN expr TOKEN_RPAREN stmt .  (33)

	.  reduce 33


state 146
	stmt : stmt_matched .  (23)
	stmt_matched : TOKEN_IF TOKEN_LPAREN expr TOKEN_RPAREN stmt_matched . TOKEN_ELSE stmt_matched  (30)
	n_stmt_matched : TOKEN_IF TOKEN_LPAREN expr TOKEN_RPAREN stmt_matched . TOKEN_ELSE n_stmt_matched  (34)

	TOKEN_ELSE  shift 149
	TOKEN_IDENT  reduce 23
	TOKEN_STRING_LITERAL  reduce 23
	TOKEN_INT_LITERAL  reduce 23
	TOKEN_IF  reduce 23
	TOKEN_CHAR_LITERAL  reduce 23
	TOKEN_FALSE  reduce 23
	TOKEN_FOR  reduce 23
	TOKEN_PRINT  reduce 23
	TOKEN_RETURN  reduce 23
	TOKEN_TRUE  reduce 23
	TOKEN_SUB  reduce 23
	TOKEN_LPAREN  reduce 23
	TOKEN_LCURLBRACE  reduce 23
	TOKEN_RCURLBRACE  reduce 23
	TOKEN_NOT  reduce 23


state 147
	stmt_matched : TOKEN_FOR TOKEN_LPAREN opt_expr TOKEN_SEMICOLON opt_expr . TOKEN_SEMICOLON opt_expr TOKEN_RPAREN stmt_matched  (27)
	n_stmt_matched : TOKEN_FOR TOKEN_LPAREN opt_expr TOKEN_SEMICOLON opt_expr . TOKEN_SEMICOLON opt_expr TOKEN_RPAREN n_stmt_matched  (35)

	TOKEN_SEMICOLON  shift 150
	.  error


state 148
	expr_array : TOKEN_LBRACE expr TOKEN_RBRACE . expr_array  (78)
	expr_array : .  (79)

	TOKEN_LBRACE  shift 140
	TOKEN_ADD  reduce 79
	TOKEN_SUB  reduce 79
	TOKEN_MULT  reduce 79
	TOKEN_DIV  reduce 79
	TOKEN_MOD  reduce 79
	TOKEN_EXP  reduce 79
	TOKEN_INCREMENT  reduce 79
	TOKEN_DECREMENT  reduce 79
	TOKEN_GT  reduce 79
	TOKEN_GE  reduce 79
	TOKEN_EQ  reduce 79
	TOKEN_LE  reduce 79
	TOKEN_LT  reduce 79
	TOKEN_AND  reduce 79
	TOKEN_OR  reduce 79
	TOKEN_NE  reduce 79
	TOKEN_ASSGN  reduce 79
	TOKEN_SEMICOLON  reduce 79
	TOKEN_RPAREN  reduce 79
	TOKEN_RBRACE  reduce 79
	TOKEN_RCURLBRACE  reduce 79
	TOKEN_COMMA  reduce 79

	expr_array  goto 151


state 149
	stmt_matched : TOKEN_IF TOKEN_LPAREN expr TOKEN_RPAREN stmt_matched TOKEN_ELSE . stmt_matched  (30)
	n_stmt_matched : TOKEN_IF TOKEN_LPAREN expr TOKEN_RPAREN stmt_matched TOKEN_ELSE . n_stmt_matched  (34)

	TOKEN_IDENT  shift 1
	TOKEN_STRING_LITERAL  shift 20
	TOKEN_INT_LITERAL  shift 21
	TOKEN_IF  shift 71
	TOKEN_CHAR_LITERAL  shift 22
	TOKEN_FALSE  shift 23
	TOKEN_FOR  shift 72
	TOKEN_PRINT  shift 73
	TOKEN_RETURN  shift 74
	TOKEN_TRUE  shift 24
	TOKEN_SUB  shift 25
	TOKEN_LPAREN  shift 26
	TOKEN_LCURLBRACE  shift 118
	TOKEN_NOT  shift 27
	.  error

	decl  goto 76
	stmt_matched  goto 152
	n_stmt_matched  goto 153
	stmt_block  goto 81
	expr  goto 120
	expr_and  goto 30
	expr_comp  goto 31
	expr_arith  goto 32
	expr_geom  goto 33
	expr_exp  goto 34
	expr_unary  goto 35
	expr_incr  goto 36
	expr_grouping  goto 37
	expr_primary  goto 38
	expr_not_assgn  goto 39
	ident  goto 86


state 150
	stmt_matched : TOKEN_FOR TOKEN_LPAREN opt_expr TOKEN_SEMICOLON opt_expr TOKEN_SEMICOLON . opt_expr TOKEN_RPAREN stmt_matched  (27)
	n_stmt_matched : TOKEN_FOR TOKEN_LPAREN opt_expr TOKEN_SEMICOLON opt_expr TOKEN_SEMICOLON . opt_expr TOKEN_RPAREN n_stmt_matched  (35)
	opt_expr : .  (37)

	TOKEN_IDENT  shift 1
	TOKEN_STRING_LITERAL  shift 20
	TOKEN_INT_LITERAL  shift 21
	TOKEN_CHAR_LITERAL  shift 22
	TOKEN_FALSE  shift 23
	TOKEN_TRUE  shift 24
	TOKEN_SUB  shift 25
	TOKEN_LPAREN  shift 26
	TOKEN_NOT  shift 27
	TOKEN_RPAREN  reduce 37

	expr  goto 28
	opt_expr  goto 154
	expr_and  goto 30
	expr_comp  goto 31
	expr_arith  goto 32
	expr_geom  goto 33
	expr_exp  goto 34
	expr_unary  goto 35
	expr_incr  goto 36
	expr_grouping  goto 37
	expr_primary  goto 38
	expr_not_assgn  goto 39
	ident  goto 40


state 151
	expr_array : TOKEN_LBRACE expr TOKEN_RBRACE expr_array .  (78)

	.  reduce 78


state 152
	stmt_matched : TOKEN_IF TOKEN_LPAREN expr TOKEN_RPAREN stmt_matched TOKEN_ELSE stmt_matched .  (30)

	.  reduce 30


state 153
	n_stmt_matched : TOKEN_IF TOKEN_LPAREN expr TOKEN_RPAREN stmt_matched TOKEN_ELSE n_stmt_matched .  (34)

	.  reduce 34


state 154
	stmt_matched : TOKEN_FOR TOKEN_LPAREN opt_expr TOKEN_SEMICOLON opt_expr TOKEN_SEMICOLON opt_expr . TOKEN_RPAREN stmt_matched  (27)
	n_stmt_matched : TOKEN_FOR TOKEN_LPAREN opt_expr TOKEN_SEMICOLON opt_expr TOKEN_SEMICOLON opt_expr . TOKEN_RPAREN n_stmt_matched  (35)

	TOKEN_RPAREN  shift 155
	.  error


state 155
	stmt_matched : TOKEN_FOR TOKEN_LPAREN opt_expr TOKEN_SEMICOLON opt_expr TOKEN_SEMICOLON opt_expr TOKEN_RPAREN . stmt_matched  (27)
	n_stmt_matched : TOKEN_FOR TOKEN_LPAREN opt_expr TOKEN_SEMICOLON opt_expr TOKEN_SEMICOLON opt_expr TOKEN_RPAREN . n_stmt_matched  (35)

	TOKEN_IDENT  shift 1
	TOKEN_STRING_LITERAL  shift 20
	TOKEN_INT_LITERAL  shift 21
	TOKEN_IF  shift 71
	TOKEN_CHAR_LITERAL  shift 22
	TOKEN_FALSE  shift 23
	TOKEN_FOR  shift 72
	TOKEN_PRINT  shift 73
	TOKEN_RETURN  shift 74
	TOKEN_TRUE  shift 24
	TOKEN_SUB  shift 25
	TOKEN_LPAREN  shift 26
	TOKEN_LCURLBRACE  shift 118
	TOKEN_NOT  shift 27
	.  error

	decl  goto 76
	stmt_matched  goto 156
	n_stmt_matched  goto 157
	stmt_block  goto 81
	expr  goto 120
	expr_and  goto 30
	expr_comp  goto 31
	expr_arith  goto 32
	expr_geom  goto 33
	expr_exp  goto 34
	expr_unary  goto 35
	expr_incr  goto 36
	expr_grouping  goto 37
	expr_primary  goto 38
	expr_not_assgn  goto 39
	ident  goto 86


state 156
	stmt_matched : TOKEN_FOR TOKEN_LPAREN opt_expr TOKEN_SEMICOLON opt_expr TOKEN_SEMICOLON opt_expr TOKEN_RPAREN stmt_matched .  (27)

	.  reduce 27


state 157
	n_stmt_matched : TOKEN_FOR TOKEN_LPAREN opt_expr TOKEN_SEMICOLON opt_expr TOKEN_SEMICOLON opt_expr TOKEN_RPAREN n_stmt_matched .  (35)

	.  reduce 35


50 terminals, 31 nonterminals
86 grammar rules, 158 states
